This file contains any messages produced by compilers while
running configure, to aid debugging if configure makes a mistake.

It was created by configure, which was
generated by GNU Autoconf 2.50.  Invocation command line was

  $ ./configure --build=i386

## ---------- ##
## Platform.  ##
## ---------- ##

hostname = elysium.local
uname -m = i386
uname -r = 8.10.1
uname -s = Darwin
uname -v = Darwin Kernel Version 8.10.1: Wed May 23 16:33:00 PDT 2007; root:xnu-792.22.5~1/RELEASE_I386

/usr/bin/uname -p = i386
/bin/uname -X     = unknown

/bin/arch              = unknown
/usr/bin/arch -k       = unknown
/usr/convex/getsysinfo = unknown
hostinfo               = Mach kernel version:
	 Darwin Kernel Version 8.10.1: Wed May 23 16:33:00 PDT 2007; root:xnu-792.22.5~1/RELEASE_I386
Kernel configured for up to 2 processors.
2 processors are physically available.
2 processors are logically available.
Processor type: i486 (Intel 80486)
Processors active: 0 1
Primary memory available: 2.00 gigabytes
Default processor set: 107 tasks, 341 threads, 2 processors
Load average: 1.05, Mach factor: 0.94
/bin/machine           = unknown
/usr/bin/oslevel       = unknown
/bin/universe          = unknown

PATH = /sw/bin:/sw/sbin:/dsw/gcc-3.3/bin:/Users/wkiri/bin:/bin:/sbin:/usr/bin:/usr/sbin:/bin:/usr/local/bin:/usr/bin:/usr/bin/X11:/sbin:/usr/sbin:/usr/X11R6/bin

## ------------ ##
## Core tests.  ##
## ------------ ##

configure:934: PATH=".;."; conftest.sh
./configure: line 935: conftest.sh: command not found
configure:937: $? = 127
configure:977: checking build system type
configure:995: result: i386-pc-none
configure:1002: checking host system type
configure:1016: result: i386-pc-none
configure:1023: checking target system type
configure:1037: result: i386-pc-none
configure:1062: checking for a BSD compatible install
configure:1111: result: /usr/bin/install -c
configure:1122: checking whether build environment is sane
configure:1165: result: yes
configure:1186: checking whether make sets ${MAKE}
configure:1206: result: yes
configure:1234: checking for working aclocal
configure:1241: result: found
configure:1249: checking for working autoconf
configure:1256: result: found
configure:1264: checking for working automake
configure:1271: result: found
configure:1279: checking for working autoheader
configure:1286: result: found
configure:1294: checking for working makeinfo
configure:1301: result: found
configure:1317: checking for mawk
configure:1343: result: no
configure:1317: checking for gawk
configure:1332: found /sw/bin/gawk
configure:1340: result: gawk
configure:1393: checking for gcc
configure:1408: found /usr/bin/gcc
configure:1416: result: gcc
configure:1660: checking for C compiler default output
configure:1663: gcc    conftest.c  >&5
configure:1666: $? = 0
configure:1689: result: a.out
configure:1694: checking whether the C compiler works
configure:1700: ./a.out
configure:1703: $? = 0
configure:1718: result: yes
configure:1725: checking whether we are cross compiling
configure:1727: result: no
configure:1730: checking for executable suffix
configure:1732: gcc -o conftest    conftest.c  >&5
configure:1735: $? = 0
configure:1757: result: 
configure:1763: checking for object suffix
configure:1781: gcc -c   conftest.c >&5
configure:1784: $? = 0
configure:1803: result: o
configure:1807: checking whether we are using the GNU C compiler
configure:1828: gcc -c   conftest.c >&5
configure:1831: $? = 0
configure:1834: test -s conftest.o
configure:1837: $? = 0
configure:1849: result: yes
configure:1855: checking whether gcc accepts -g
configure:1873: gcc -c -g  conftest.c >&5
configure:1876: $? = 0
configure:1879: test -s conftest.o
configure:1882: $? = 0
configure:1892: result: yes
configure:1919: gcc -c -g -O2  conftest.c >&5
conftest.c:2: error: parse error before 'me'
configure:1922: $? = 1
configure: failed program was:
#ifndef __cplusplus
  choke me
#endif
configure:2029: checking for a BSD compatible install
configure:2078: result: /usr/bin/install -c
configure:2089: checking whether ln -s works
configure:2093: result: yes
configure:2100: checking whether make sets ${MAKE}
configure:2120: result: yes
configure:2134: checking how to run the C preprocessor
configure:2161: gcc -E  conftest.c
configure:2167: $? = 0
configure:2194: gcc -E  conftest.c
configure:2191:28: error: ac_nonexistent.h: No such file or directory
configure:2200: $? = 1
configure: failed program was:
#line 2190 "configure"
#include "confdefs.h"
#include <ac_nonexistent.h>
configure:2237: result: gcc -E
configure:2252: gcc -E  conftest.c
configure:2258: $? = 0
configure:2285: gcc -E  conftest.c
configure:2282:28: error: ac_nonexistent.h: No such file or directory
configure:2291: $? = 1
configure: failed program was:
#line 2281 "configure"
#include "confdefs.h"
#include <ac_nonexistent.h>
configure:2333: checking for winsock.h
configure:2343: gcc -E  conftest.c
configure:2340:21: error: winsock.h: No such file or directory
configure:2349: $? = 1
configure: failed program was:
#line 2339 "configure"
#include "confdefs.h"
#include <winsock.h>
configure:2368: result: no
configure:2381: checking for sys/socket.h
configure:2391: gcc -E  conftest.c
configure:2397: $? = 0
configure:2416: result: yes
configure:2429: checking for netinet/in.h
configure:2439: gcc -E  conftest.c
configure:2445: $? = 0
configure:2464: result: yes
configure:2480: checking for netdb.h
configure:2490: gcc -E  conftest.c
configure:2496: $? = 0
configure:2515: result: yes
configure:2531: checking for fcntl.h
configure:2541: gcc -E  conftest.c
configure:2547: $? = 0
configure:2566: result: yes
configure:2582: checking for sys/time.h
configure:2592: gcc -E  conftest.c
configure:2598: $? = 0
configure:2617: result: yes
configure:2630: checking for unistd.h
configure:2640: gcc -E  conftest.c
configure:2646: $? = 0
configure:2665: result: yes
configure:2681: checking for dirent.h that defines DIR
configure:2701: gcc -c -g -O2  conftest.c >&5
configure:2704: $? = 0
configure:2707: test -s conftest.o
configure:2710: $? = 0
configure:2720: result: yes
configure:2733: checking for opendir in -ldir
configure:2760: gcc -o conftest -g -O2   conftest.c -ldir   >&5
/usr/bin/ld: can't locate file for: -ldir
collect2: ld returned 1 exit status
configure:2763: $? = 1
configure: failed program was:
#line 2741 "configure"
#include "confdefs.h"

/* Override any gcc2 internal prototype to avoid an error.  */
#ifdef __cplusplus
extern "C"
#endif
/* We use char because int might match the return type of a gcc2
   builtin and then its argument prototype would still apply.  */
char opendir ();
int
main ()
{
opendir ();
  ;
  return 0;
}
configure:2780: result: no
configure:2842: checking for ANSI C header files
configure:2856: gcc -E  conftest.c
configure:2862: $? = 0
configure:2949: gcc -o conftest -g -O2   conftest.c  >&5
configure: In function 'main':
configure:2941: warning: incompatible implicit declaration of built-in function 'exit'
configure:2952: $? = 0
configure:2954: ./conftest
configure:2957: $? = 0
configure:2970: result: yes
configure:2980: checking for gcc option to accept ANSI C
configure:3037: gcc  -c -g -O2  conftest.c >&5
configure:3040: $? = 0
configure:3043: test -s conftest.o
configure:3046: $? = 0
configure:3063: result: none needed
configure:3071: checking for an ANSI C-conforming const
configure:3135: gcc -c -g -O2  conftest.c >&5
configure:3138: $? = 0
configure:3141: test -s conftest.o
configure:3144: $? = 0
configure:3154: result: yes
configure:3167: checking for stdlib.h
configure:3177: gcc -E  conftest.c
configure:3183: $? = 0
configure:3202: result: yes
configure:3167: checking for string.h
configure:3177: gcc -E  conftest.c
configure:3183: $? = 0
configure:3202: result: yes
configure:3167: checking for memory.h
configure:3177: gcc -E  conftest.c
configure:3183: $? = 0
configure:3202: result: yes
configure:3167: checking for strings.h
configure:3177: gcc -E  conftest.c
configure:3183: $? = 0
configure:3202: result: yes
configure:3167: checking for inttypes.h
configure:3177: gcc -E  conftest.c
configure:3183: $? = 0
configure:3202: result: yes
configure:3167: checking for unistd.h
configure:3202: result: yes
configure:3212: checking for size_t
configure:3233: gcc -c -g -O2  conftest.c >&5
configure:3236: $? = 0
configure:3239: test -s conftest.o
configure:3242: $? = 0
configure:3252: result: yes
configure:3264: checking whether time.h and sys/time.h may both be included
configure:3285: gcc -c -g -O2  conftest.c >&5
configure:3288: $? = 0
configure:3291: test -s conftest.o
configure:3294: $? = 0
configure:3304: result: yes
configure:3314: checking whether struct tm is in sys/time.h or time.h
configure:3334: gcc -c -g -O2  conftest.c >&5
configure:3337: $? = 0
configure:3340: test -s conftest.o
configure:3343: $? = 0
configure:3353: result: time.h
configure:3366: checking for strftime
configure:3403: gcc -o conftest -g -O2   conftest.c  >&5
configure:3382: warning: conflicting types for built-in function 'strftime'
configure:3406: $? = 0
configure:3409: test -s conftest
configure:3412: $? = 0
configure:3422: result: yes
configure:3494: checking for vprintf
configure:3531: gcc -o conftest -g -O2   conftest.c  >&5
configure:3510: warning: conflicting types for built-in function 'vprintf'
configure:3534: $? = 0
configure:3537: test -s conftest
configure:3540: $? = 0
configure:3550: result: yes
configure:3557: checking for _doprnt
configure:3594: gcc -o conftest -g -O2   conftest.c  >&5
/usr/bin/ld: Undefined symbols:
__doprnt
collect2: ld returned 1 exit status
configure:3597: $? = 1
configure: failed program was:
#line 3563 "configure"
#include "confdefs.h"
/* System header to define __stub macros and hopefully few prototypes,
    which can conflict with char _doprnt (); below.  */
#include <assert.h>
/* Override any gcc2 internal prototype to avoid an error.  */
#ifdef __cplusplus
extern "C"
#endif
/* We use char because int might match the return type of a gcc2
   builtin and then its argument prototype would still apply.  */
char _doprnt ();
char (*f) ();

int
main ()
{
/* The GNU C library defines this for functions which it implements
    to always fail with ENOSYS.  Some functions are actually named
    something starting with __ and the normal name is an alias.  */
#if defined (__stub__doprnt) || defined (__stub____doprnt)
choke me
#else
f = _doprnt;
#endif

  ;
  return 0;
}
configure:3613: result: no
configure:3629: checking for strdup
configure:3666: gcc -o conftest -g -O2   conftest.c  >&5
configure:3645: warning: conflicting types for built-in function 'strdup'
configure:3669: $? = 0
configure:3672: test -s conftest
configure:3675: $? = 0
configure:3685: result: yes
configure:3702: checking for strerror
configure:3739: gcc -o conftest -g -O2   conftest.c  >&5
configure:3742: $? = 0
configure:3745: test -s conftest
configure:3748: $? = 0
configure:3758: result: yes
configure:3774: checking for strchr
configure:3811: gcc -o conftest -g -O2   conftest.c  >&5
configure:3790: warning: conflicting types for built-in function 'strchr'
configure:3814: $? = 0
configure:3817: test -s conftest
configure:3820: $? = 0
configure:3830: result: yes
configure:3843: checking for strstr
configure:3880: gcc -o conftest -g -O2   conftest.c  >&5
configure:3859: warning: conflicting types for built-in function 'strstr'
configure:3883: $? = 0
configure:3886: test -s conftest
configure:3889: $? = 0
configure:3899: result: yes
configure:3916: checking for memcpy
configure:3953: gcc -o conftest -g -O2   conftest.c  >&5
configure:3932: warning: conflicting types for built-in function 'memcpy'
configure:3956: $? = 0
configure:3959: test -s conftest
configure:3962: $? = 0
configure:3972: result: yes
configure:3982: checking for libwsock32_a_iname in -lwsock32
configure:4009: gcc -o conftest -g -O2   conftest.c -lwsock32   >&5
/usr/bin/ld: can't locate file for: -lwsock32
collect2: ld returned 1 exit status
configure:4012: $? = 1
configure: failed program was:
#line 3990 "configure"
#include "confdefs.h"

/* Override any gcc2 internal prototype to avoid an error.  */
#ifdef __cplusplus
extern "C"
#endif
/* We use char because int might match the return type of a gcc2
   builtin and then its argument prototype would still apply.  */
char libwsock32_a_iname ();
int
main ()
{
libwsock32_a_iname ();
  ;
  return 0;
}
configure:4029: result: no
configure:4043: checking for select
configure:4080: gcc -o conftest -g -O2   conftest.c  >&5
configure:4083: $? = 0
configure:4086: test -s conftest
configure:4089: $? = 0
configure:4099: result: yes
configure:4162: checking for sdl-config
configure:4191: result: no
configure:4199: checking for SDL - version >= 1.1.6
configure:4314: result: no
configure:4380: error: *** SDL version 1.1.6 not found! Get it from http://www.libsdl.org 

## ----------------- ##
## Cache variables.  ##
## ----------------- ##

ac_cv_build=i386-pc-none
ac_cv_build_alias=i386
ac_cv_c_compiler_gnu=yes
ac_cv_c_const=yes
ac_cv_env_CC_set=
ac_cv_env_CC_value=
ac_cv_env_CFLAGS_set=
ac_cv_env_CFLAGS_value=
ac_cv_env_CPPFLAGS_set=
ac_cv_env_CPPFLAGS_value=
ac_cv_env_CPP_set=
ac_cv_env_CPP_value=
ac_cv_env_LDFLAGS_set=
ac_cv_env_LDFLAGS_value=
ac_cv_env_build_alias_set=set
ac_cv_env_build_alias_value=i386
ac_cv_env_host_alias_set=
ac_cv_env_host_alias_value=
ac_cv_env_target_alias_set=
ac_cv_env_target_alias_value=
ac_cv_func__doprnt=no
ac_cv_func_memcpy=yes
ac_cv_func_select=yes
ac_cv_func_strchr=yes
ac_cv_func_strdup=yes
ac_cv_func_strerror=yes
ac_cv_func_strftime=yes
ac_cv_func_strstr=yes
ac_cv_func_vprintf=yes
ac_cv_header_dirent_dirent_h=yes
ac_cv_header_fcntl_h=yes
ac_cv_header_inttypes_h=yes
ac_cv_header_memory_h=yes
ac_cv_header_netdb_h=yes
ac_cv_header_netinet_in_h=yes
ac_cv_header_stdc=yes
ac_cv_header_stdlib_h=yes
ac_cv_header_string_h=yes
ac_cv_header_strings_h=yes
ac_cv_header_sys_socket_h=yes
ac_cv_header_sys_time_h=yes
ac_cv_header_time=yes
ac_cv_header_unistd_h=yes
ac_cv_header_winsock_h=no
ac_cv_host=i386-pc-none
ac_cv_host_alias=i386
ac_cv_lib_dir_opendir=no
ac_cv_lib_wsock32_libwsock32_a_iname=no
ac_cv_objext=o
ac_cv_path_INTLTOOL_PERL=/usr/bin/perl
ac_cv_path_SDL_CONFIG=no
ac_cv_path_install='/usr/bin/install -c'
ac_cv_prog_AWK=gawk
ac_cv_prog_CPP='gcc -E'
ac_cv_prog_ac_ct_CC=gcc
ac_cv_prog_cc_g=yes
ac_cv_prog_cc_stdc=
ac_cv_prog_make_make_set=yes
ac_cv_struct_tm=time.h
ac_cv_target=i386-pc-none
ac_cv_target_alias=i386
ac_cv_type_size_t=yes

## ------------ ##
## confdefs.h.  ##
## ------------ ##

#define PACKAGE "atris"
#define VERSION "1.0.6"
#define HAVE_SYS_SOCKET_H 1
#define HAVE_NETINET_IN_H 1
#define HAVE_NETDB_H 1
#define HAVE_FCNTL_H 1
#define HAVE_SYS_TIME_H 1
#define HAVE_UNISTD_H 1
#define HAVE_DIRENT_H 1
#define STDC_HEADERS 1
#define HAVE_STDLIB_H 1
#define HAVE_STRING_H 1
#define HAVE_MEMORY_H 1
#define HAVE_STRINGS_H 1
#define HAVE_INTTYPES_H 1
#define HAVE_UNISTD_H 1
#define TIME_WITH_SYS_TIME 1
#define HAVE_STRFTIME 1
#define HAVE_VPRINTF 1
#define HAVE_STRDUP 1
#define HAVE_STRERROR 1
#define HAVE_STRCHR 1
#define HAVE_STRSTR 1
#define HAVE_MEMCPY 1
#define HAVE_SELECT 1


configure: exit 1
