checking build system type... i386-pc-os2-emx
checking host system type... i386-pc-os2-emx
checking target system type... i386-pc-os2-emx
checking for a BSD-compatible install... /@unixroot/usr/bin/install.exe -c
checking whether build environment is sane... yes
checking for a race-free mkdir -p... /@unixroot/usr/bin/mkdir.exe -p
checking for gawk... gawk
checking whether make sets $(MAKE)... yes
checking whether make supports nested variables... yes
checking for gawk... (cached) gawk
checking for gcc... gcc
checking whether the C compiler works... yes
checking for C compiler default output file name... conftest.exe
checking for suffix of executables... .exe
checking whether we are cross compiling... no
checking for suffix of object files... o
checking whether the compiler supports GNU C... yes
checking whether gcc accepts -g... yes
checking for gcc option to enable C11 features... none needed
checking whether gcc understands -c and -o together... yes
checking whether make supports the include directive... yes (GNU style)
checking dependency style of gcc... gcc3
checking whether ln -s works... yes
checking whether make sets $(MAKE)... (cached) yes
checking for stdio.h... yes
checking for stdlib.h... yes
checking for string.h... yes
checking for inttypes.h... yes
checking for stdint.h... yes
checking for strings.h... yes
checking for sys/stat.h... yes
checking for sys/types.h... yes
checking for unistd.h... yes
checking for sys/time.h... yes
checking for winsock.h... no
checking for sys/socket.h... yes
checking for netinet/in.h... yes
checking for netdb.h... yes
checking for fcntl.h... yes
checking for sys/time.h... (cached) yes
checking for unistd.h... (cached) yes
checking for dirent.h that defines DIR... yes
checking for library containing opendir... none required
checking for grep that handles long lines and -e... /@unixroot/usr/bin/grep.exe
checking for egrep... /@unixroot/usr/bin/grep.exe -E
checking for an ANSI C-conforming const... yes
checking for size_t... yes
checking whether struct tm is in sys/time.h or time.h... time.h
checking for strftime... yes
checking for vprintf... yes
checking for strdup... yes
checking for strerror... yes
checking for strchr... yes
checking for strstr... yes
checking for memcpy... yes
checking for libwsock32_a_iname in -lwsock32... no
checking for select... yes
checking for sdl-config... h:/tmp/sdl/bin/sdl-config
checking for SDL - version >= 1.1.6... yes
checking that generated files are newer than configure... done
configure: creating ./config.status
config.status: creating Makefile
config.status: creating graphics/Makefile
config.status: creating Docs/Makefile
config.status: creating styles/Makefile
config.status: creating .protos/Makefile
config.status: creating atris.spec
config.status: creating config.h
config.status: executing depfiles commands

atris 1.0.6
Configuration:
--------------

 Source code location: .
 Compiler:	       gcc
 Host System Type:     i386-pc-os2-emx
 Libraries:             -Lh:/tmp/SDL/lib -Zomf -lsdl12 -lSDL_ttf
 Install path:         /usr/local
 Game files:           $(prefix)/games/atris

 Now type 'make' to build atris 1.0.6.

